# JRE version: OpenJDK Runtime Environment (11.0.8+10) (build 11.0.8+10-b944.6842174)
# Java VM: OpenJDK 64-Bit Server VM (11.0.8+10-b944.6842174, mixed mode, tiered, compressed oops, g1 gc, windows-amd64)
Heap:
 garbage-first heap   total 196608K, used 70511K [0x00000000a0000000, 0x0000000100000000)
  region size 1024K, 7 young (7168K), 4 survivors (4096K)
 Metaspace       used 69906K, capacity 72048K, committed 72228K, reserved 1112064K
  class space    used 9085K, capacity 9836K, committed 9856K, reserved 1048576K
GC Heap History (20 events):
Event: 8.052 GC heap before
{Heap before GC invocations=3 (full 0):
 garbage-first heap   total 196608K, used 56123K [0x00000000a0000000, 0x0000000100000000)
  region size 1024K, 46 young (47104K), 4 survivors (4096K)
 Metaspace       used 19199K, capacity 19604K, committed 19712K, reserved 1067008K
  class space    used 2329K, capacity 2479K, committed 2560K, reserved 1048576K
}
Event: 8.061 GC heap after
{Heap after GC invocations=4 (full 0):
 garbage-first heap   total 196608K, used 15874K [0x00000000a0000000, 0x0000000100000000)
  region size 1024K, 3 young (3072K), 3 survivors (3072K)
 Metaspace       used 19199K, capacity 19604K, committed 19712K, reserved 1067008K
  class space    used 2329K, capacity 2479K, committed 2560K, reserved 1048576K
}
Event: 8.710 GC heap before
{Heap before GC invocations=4 (full 0):
 garbage-first heap   total 196608K, used 24066K [0x00000000a0000000, 0x0000000100000000)
  region size 1024K, 12 young (12288K), 3 survivors (3072K)
 Metaspace       used 20650K, capacity 21063K, committed 21248K, reserved 1067008K
  class space    used 2548K, capacity 2693K, committed 2816K, reserved 1048576K
}
Event: 8.719 GC heap after
{Heap after GC invocations=5 (full 0):
 garbage-first heap   total 196608K, used 16212K [0x00000000a0000000, 0x0000000100000000)
  region size 1024K, 3 young (3072K), 3 survivors (3072K)
 Metaspace       used 20650K, capacity 21063K, committed 21248K, reserved 1067008K
  class space    used 2548K, capacity 2693K, committed 2816K, reserved 1048576K
}
Event: 11.981 GC heap before
{Heap before GC invocations=6 (full 0):
 garbage-first heap   total 196608K, used 72532K [0x00000000a0000000, 0x0000000100000000)
  region size 1024K, 58 young (59392K), 3 survivors (3072K)
 Metaspace       used 26584K, capacity 27148K, committed 27264K, reserved 1073152K
  class space    used 3481K, capacity 3705K, committed 3712K, reserved 1048576K
}
Event: 11.990 GC heap after
{Heap after GC invocations=7 (full 0):
 garbage-first heap   total 196608K, used 18260K [0x00000000a0000000, 0x0000000100000000)
  region size 1024K, 5 young (5120K), 5 survivors (5120K)
 Metaspace       used 26584K, capacity 27148K, committed 27264K, reserved 1073152K
  class space    used 3481K, capacity 3705K, committed 3712K, reserved 1048576K
}
Event: 14.086 GC heap before
{Heap before GC invocations=7 (full 0):
 garbage-first heap   total 196608K, used 64340K [0x00000000a0000000, 0x0000000100000000)
  region size 1024K, 49 young (50176K), 5 survivors (5120K)
 Metaspace       used 35078K, capacity 35727K, committed 35840K, reserved 1081344K
  class space    used 4515K, capacity 4775K, committed 4864K, reserved 1048576K
}
Event: 14.101 GC heap after
{Heap after GC invocations=8 (full 0):
 garbage-first heap   total 196608K, used 23815K [0x00000000a0000000, 0x0000000100000000)
  region size 1024K, 9 young (9216K), 9 survivors (9216K)
 Metaspace       used 35078K, capacity 35727K, committed 35840K, reserved 1081344K
  class space    used 4515K, capacity 4775K, committed 4864K, reserved 1048576K
}
Event: 17.680 GC heap before
{Heap before GC invocations=9 (full 0):
 garbage-first heap   total 196608K, used 98567K [0x00000000a0000000, 0x0000000100000000)
  region size 1024K, 82 young (83968K), 9 survivors (9216K)
 Metaspace       used 41899K, capacity 42759K, committed 42880K, reserved 1087488K
  class space    used 5372K, capacity 5706K, committed 5760K, reserved 1048576K
}
Event: 17.704 GC heap after
{Heap after GC invocations=10 (full 0):
 garbage-first heap   total 196608K, used 25827K [0x00000000a0000000, 0x0000000100000000)
  region size 1024K, 10 young (10240K), 10 survivors (10240K)
 Metaspace       used 41899K, capacity 42759K, committed 42880K, reserved 1087488K
  class space    used 5372K, capacity 5706K, committed 5760K, reserved 1048576K
}
Event: 25.111 GC heap before
{Heap before GC invocations=11 (full 0):
 garbage-first heap   total 196608K, used 132323K [0x00000000a0000000, 0x0000000100000000)
  region size 1024K, 112 young (114688K), 10 survivors (10240K)
 Metaspace       used 49924K, capacity 51114K, committed 51456K, reserved 1093632K
  class space    used 6359K, capacity 6787K, committed 6912K, reserved 1048576K
}
Event: 25.140 GC heap after
{Heap after GC invocations=12 (full 0):
 garbage-first heap   total 196608K, used 37502K [0x00000000a0000000, 0x0000000100000000)
  region size 1024K, 13 young (13312K), 13 survivors (13312K)
 Metaspace       used 49924K, capacity 51114K, committed 51456K, reserved 1093632K
  class space    used 6359K, capacity 6787K, committed 6912K, reserved 1048576K
}
Event: 29.662 GC heap before
{Heap before GC invocations=12 (full 0):
 garbage-first heap   total 196608K, used 136830K [0x00000000a0000000, 0x0000000100000000)
  region size 1024K, 110 young (112640K), 13 survivors (13312K)
 Metaspace       used 59220K, capacity 60540K, committed 60672K, reserved 1101824K
  class space    used 7479K, capacity 7928K, committed 7936K, reserved 1048576K
}
Event: 29.687 GC heap after
{Heap after GC invocations=13 (full 0):
 garbage-first heap   total 196608K, used 44907K [0x00000000a0000000, 0x0000000100000000)
  region size 1024K, 7 young (7168K), 7 survivors (7168K)
 Metaspace       used 59220K, capacity 60540K, committed 60672K, reserved 1101824K
  class space    used 7479K, capacity 7928K, committed 7936K, reserved 1048576K
}
Event: 32.849 GC heap before
{Heap before GC invocations=13 (full 0):
 garbage-first heap   total 196608K, used 143211K [0x00000000a0000000, 0x0000000100000000)
  region size 1024K, 103 young (105472K), 7 survivors (7168K)
 Metaspace       used 65223K, capacity 66925K, committed 67200K, reserved 1107968K
  class space    used 8426K, capacity 9010K, committed 9088K, reserved 1048576K
}
Event: 32.872 GC heap after
{Heap after GC invocations=14 (full 0):
 garbage-first heap   total 196608K, used 50707K [0x00000000a0000000, 0x0000000100000000)
  region size 1024K, 13 young (13312K), 13 survivors (13312K)
 Metaspace       used 65223K, capacity 66925K, committed 67200K, reserved 1107968K
  class space    used 8426K, capacity 9010K, committed 9088K, reserved 1048576K
}
Event: 37.930 GC heap before
{Heap before GC invocations=14 (full 0):
 garbage-first heap   total 196608K, used 149011K [0x00000000a0000000, 0x0000000100000000)
  region size 1024K, 107 young (109568K), 13 survivors (13312K)
 Metaspace       used 68502K, capacity 70559K, committed 70912K, reserved 1110016K
  class space    used 8888K, capacity 9622K, committed 9728K, reserved 1048576K
}
Event: 37.974 GC heap after
{Heap after GC invocations=15 (full 0):
 garbage-first heap   total 196608K, used 64512K [0x00000000a0000000, 0x0000000100000000)
  region size 1024K, 14 young (14336K), 14 survivors (14336K)
 Metaspace       used 68502K, capacity 70559K, committed 70912K, reserved 1110016K
  class space    used 8888K, capacity 9622K, committed 9728K, reserved 1048576K
}
Event: 39.172 GC heap before
{Heap before GC invocations=15 (full 0):
 garbage-first heap   total 196608K, used 83968K [0x00000000a0000000, 0x0000000100000000)
  region size 1024K, 34 young (34816K), 14 survivors (14336K)
 Metaspace       used 69757K, capacity 71744K, committed 71808K, reserved 1112064K
  class space    used 9079K, capacity 9802K, committed 9856K, reserved 1048576K
}
Event: 39.209 GC heap after
{Heap after GC invocations=16 (full 0):
 garbage-first heap   total 196608K, used 68463K [0x00000000a0000000, 0x0000000100000000)
  region size 1024K, 4 young (4096K), 4 survivors (4096K)
 Metaspace       used 69757K, capacity 71744K, committed 71808K, reserved 1112064K
  class space    used 9079K, capacity 9802K, committed 9856K, reserved 1048576K
}

